[2025-03-17 01:23:04,222: INFO: main: >>>>>> stage Data Ingestion stage started <<<<<<]
[2025-03-17 01:23:04,223: INFO: common: yaml file: config/config.yaml loaded successfully]
[2025-03-17 01:23:04,224: INFO: common: yaml file: params.yaml loaded successfully]
[2025-03-17 01:23:04,224: INFO: common: yaml file: schema.yaml loaded successfully]
[2025-03-17 01:23:04,224: INFO: common: created directory at: artifacts]
[2025-03-17 01:23:04,224: INFO: common: created directory at: artifacts/data_ingestion]
[2025-03-17 01:23:04,224: INFO: main: >>>>>> stage Data Ingestion stage completed <<<<<<

x==========x]
[2025-03-17 01:23:04,225: INFO: main: >>>>>> stage Data Transformation stage started <<<<<<]
[2025-03-17 01:23:04,226: INFO: common: yaml file: config/config.yaml loaded successfully]
[2025-03-17 01:23:04,226: INFO: common: yaml file: params.yaml loaded successfully]
[2025-03-17 01:23:04,227: INFO: common: yaml file: schema.yaml loaded successfully]
[2025-03-17 01:23:04,227: INFO: common: created directory at: artifacts]
[2025-03-17 01:23:04,227: INFO: common: created directory at: artifacts/data_transformation]
[2025-03-17 01:23:04,227: INFO: main: >>>>>> stage Data Transformation stage completed <<<<<<

x==========x]
[2025-03-17 01:23:04,227: INFO: main: >>>>>> stage Data Validation stage started <<<<<<]
[2025-03-17 01:23:04,228: INFO: common: yaml file: config/config.yaml loaded successfully]
[2025-03-17 01:23:04,228: INFO: common: yaml file: params.yaml loaded successfully]
[2025-03-17 01:23:04,229: INFO: common: yaml file: schema.yaml loaded successfully]
[2025-03-17 01:23:04,229: INFO: common: created directory at: artifacts]
[2025-03-17 01:23:04,229: INFO: common: created directory at: artifacts/data_validation]
[2025-03-17 01:31:37,655: INFO: main: >>>>>> stage Data Ingestion stage started <<<<<<]
[2025-03-17 01:31:37,657: INFO: common: yaml file: config/config.yaml loaded successfully]
[2025-03-17 01:31:37,657: INFO: common: yaml file: params.yaml loaded successfully]
[2025-03-17 01:31:37,658: INFO: common: yaml file: schema.yaml loaded successfully]
[2025-03-17 01:31:37,658: INFO: common: created directory at: artifacts]
[2025-03-17 01:31:37,658: INFO: common: created directory at: artifacts/data_ingestion]
[2025-03-17 01:31:37,658: INFO: main: >>>>>> stage Data Ingestion stage completed <<<<<<

x==========x]
[2025-03-17 01:31:37,658: INFO: main: >>>>>> stage Data Transformation stage started <<<<<<]
[2025-03-17 01:31:37,660: INFO: common: yaml file: config/config.yaml loaded successfully]
[2025-03-17 01:31:37,660: INFO: common: yaml file: params.yaml loaded successfully]
[2025-03-17 01:31:37,661: INFO: common: yaml file: schema.yaml loaded successfully]
[2025-03-17 01:31:37,662: INFO: common: created directory at: artifacts]
[2025-03-17 01:31:37,662: INFO: common: created directory at: artifacts/data_transformation]
[2025-03-17 01:31:37,662: INFO: main: >>>>>> stage Data Transformation stage completed <<<<<<

x==========x]
[2025-03-17 01:31:37,662: INFO: main: >>>>>> stage Data Validation stage started <<<<<<]
[2025-03-17 01:31:37,664: INFO: common: yaml file: config/config.yaml loaded successfully]
[2025-03-17 01:31:37,664: INFO: common: yaml file: params.yaml loaded successfully]
[2025-03-17 01:31:37,665: INFO: common: yaml file: schema.yaml loaded successfully]
[2025-03-17 01:31:37,665: INFO: common: created directory at: artifacts]
[2025-03-17 01:31:37,665: INFO: common: created directory at: artifacts/data_validation]
[2025-03-17 06:15:31,834: INFO: data_validation:       item_id  ...                       complete_product_description
0  B08547MV2C  ...  coquer coquer coquer coquer coquer coquer coqu...
1  B07TG4FB96  ...  a wooden walkway in the woods samsung s6 case ...
2  B07T8PXHH9  ...  a black and white phone case with space themed...
3  B081HN73FG  ...  the many faces of women in colorful colors on ...
4  B082DS95H3  ...  a clock with a painting on it Given Product de...

[5 rows x 8 columns]]
[2025-03-17 06:15:31,908: INFO: main: >>>>>> stage Data Validation stage completed <<<<<<

x==========x]
[2025-03-17 06:15:31,908: INFO: main: >>>>>> stage Data Visualization stage started <<<<<<]
[2025-03-17 06:15:31,914: INFO: common: yaml file: config/config.yaml loaded successfully]
[2025-03-17 06:15:31,916: INFO: common: yaml file: params.yaml loaded successfully]
[2025-03-17 06:15:31,917: INFO: common: yaml file: schema.yaml loaded successfully]
[2025-03-17 06:15:31,918: INFO: common: created directory at: artifacts]
[2025-03-17 06:15:31,918: INFO: common: created directory at: artifacts/data_visualization]
[2025-03-17 06:15:36,416: INFO: main: >>>>>> stage Data Visualization stage completed <<<<<<

x==========x]
[2025-03-17 06:15:36,416: INFO: main: >>>>>> stage Model Trainer stage started <<<<<<]
[2025-03-17 06:15:36,418: INFO: common: yaml file: config/config.yaml loaded successfully]
[2025-03-17 06:15:36,419: INFO: common: yaml file: params.yaml loaded successfully]
[2025-03-17 06:15:36,419: INFO: common: yaml file: schema.yaml loaded successfully]
[2025-03-17 06:15:36,419: INFO: common: created directory at: artifacts]
[2025-03-17 06:15:36,420: INFO: common: created directory at: artifacts/model_trainer]
[2025-03-17 06:15:37,160: INFO: model_trainer: Initializing data for training]
[2025-03-17 06:16:07,922: INFO: model_trainer: Created triplet data for training]
[2025-03-17 06:16:07,923: INFO: model_trainer: Created LoRA config: LoraConfig(peft_type=<PeftType.LORA: 'LORA'>, auto_mapping=None, base_model_name_or_path=None, revision=None, task_type=<TaskType.FEATURE_EXTRACTION: 'FEATURE_EXTRACTION'>, inference_mode=False, r=8, target_modules=None, lora_alpha=32, lora_dropout=0.1, fan_in_fan_out=False, bias='none', modules_to_save=None, init_lora_weights=True, layers_to_transform=None, layers_pattern=None)]
[2025-03-17 06:27:53,311: INFO: model_trainer: Epoch 1, Loss: 0.044840157222747805]
[2025-03-17 06:39:39,782: INFO: model_trainer: Epoch 2, Loss: 0.021821890258789063]
[2025-03-17 06:51:25,794: INFO: model_trainer: Epoch 3, Loss: 0.017992906022071837]
[2025-03-17 07:03:11,917: INFO: model_trainer: Epoch 4, Loss: 0.014646504998207093]
[2025-03-17 07:14:58,176: INFO: model_trainer: Epoch 5, Loss: 0.013711201524734496]
[2025-03-17 07:14:58,625: INFO: main: >>>>>> stage Model Trainer stage completed <<<<<<

x==========x]
[2025-03-17 10:52:16,725: INFO: main: >>>>>> stage Model evaluation stage started <<<<<<]
[2025-03-17 10:52:16,727: INFO: common: yaml file: config/config.yaml loaded successfully]
[2025-03-17 10:52:16,727: INFO: common: yaml file: params.yaml loaded successfully]
[2025-03-17 10:52:16,728: INFO: common: yaml file: schema.yaml loaded successfully]
[2025-03-17 10:52:16,728: INFO: common: created directory at: artifacts]
[2025-03-17 10:52:16,728: INFO: common: created directory at: artifacts/model_evaluation]
[2025-03-17 10:52:17,128: INFO: tuners_utils: Already found a `peft_config` attribute in the model. This will lead to having multiple adapters in the model. Make sure to know what you are doing!]
